Added Component: Designator=A1(ArduinoMega2560)
Added Component: Designator=C1(tu hoa 5mm)
Add component (AddParameter): Name = "Chung_Loai"; Value = "C?m"; VariantName = "[No Variations]"
Add component (AddParameter): Name = "Don_Vi"; Value = "Con"; VariantName = "[No Variations]"
Add component (AddParameter): Name = "Kieu_Chan"; Value = ""; VariantName = "[No Variations]"
Add component (AddParameter): Name = "Ma_Hang"; Value = "MH006853"; VariantName = "[No Variations]"
Add component (AddParameter): Name = "So_Chan"; Value = "2"; VariantName = "[No Variations]"
Add component (AddParameter): Name = "Ten_Linh_Kien"; Value = "T? Hóa 0.1uF 50V"; VariantName = "[No Variations]"
Added Component: Designator=C2(tu hoa 5mm)
Add component (AddParameter): Name = "Chung_Loai"; Value = "C?m"; VariantName = "[No Variations]"
Add component (AddParameter): Name = "Don_Vi"; Value = "Con"; VariantName = "[No Variations]"
Add component (AddParameter): Name = "Kieu_Chan"; Value = ""; VariantName = "[No Variations]"
Add component (AddParameter): Name = "Ma_Hang"; Value = "MH006853"; VariantName = "[No Variations]"
Add component (AddParameter): Name = "So_Chan"; Value = "2"; VariantName = "[No Variations]"
Add component (AddParameter): Name = "Ten_Linh_Kien"; Value = "T? Hóa 0.1uF 50V"; VariantName = "[No Variations]"
Added Component: Designator=C3(tu hoa 5mm)
Add component (AddParameter): Name = "Chung_Loai"; Value = "C?m"; VariantName = "[No Variations]"
Add component (AddParameter): Name = "Don_Vi"; Value = "Con"; VariantName = "[No Variations]"
Add component (AddParameter): Name = "Kieu_Chan"; Value = ""; VariantName = "[No Variations]"
Add component (AddParameter): Name = "Ma_Hang"; Value = "MH006853"; VariantName = "[No Variations]"
Add component (AddParameter): Name = "So_Chan"; Value = "2"; VariantName = "[No Variations]"
Add component (AddParameter): Name = "Ten_Linh_Kien"; Value = "T? Hóa 0.1uF 50V"; VariantName = "[No Variations]"
Added Component: Designator=C4(tu hoa 5mm)
Add component (AddParameter): Name = "Chung_Loai"; Value = "C?m"; VariantName = "[No Variations]"
Add component (AddParameter): Name = "Don_Vi"; Value = "Con"; VariantName = "[No Variations]"
Add component (AddParameter): Name = "Kieu_Chan"; Value = ""; VariantName = "[No Variations]"
Add component (AddParameter): Name = "Ma_Hang"; Value = "MH006853"; VariantName = "[No Variations]"
Add component (AddParameter): Name = "So_Chan"; Value = "2"; VariantName = "[No Variations]"
Add component (AddParameter): Name = "Ten_Linh_Kien"; Value = "T? Hóa 0.1uF 50V"; VariantName = "[No Variations]"
Added Component: Designator=D1(LM2596)
Added Component: Designator=E1(ESP8266)
Added Component: Designator=H1(BTS7960)
Added Component: Designator=H2(BTS7960)
Added Component: Designator=H3(BTS7960)
Added Component: Designator=J1(Header_Duc Cong_2P 2.54)
Add component (AddParameter): Name = "Chung_Loai"; Value = "C?m"; VariantName = "[No Variations]"
Add component (AddParameter): Name = "Don_Vi"; Value = ""; VariantName = "[No Variations]"
Add component (AddParameter): Name = "Ghi_Chu"; Value = ""; VariantName = "[No Variations]"
Add component (AddParameter): Name = "Kieu_Chan"; Value = ""; VariantName = "[No Variations]"
Add component (AddParameter): Name = "Ma_Hang"; Value = ""; VariantName = "[No Variations]"
Add component (AddParameter): Name = "Ten_Linh_Kien"; Value = ""; VariantName = "[No Variations]"
Added Component: Designator=L1(L7806)
Added Component: Designator=LED1(LED 5mm Xanh)
Add component (AddParameter): Name = "Chung_Loai"; Value = "C?m"; VariantName = "[No Variations]"
Add component (AddParameter): Name = "Don_Vi"; Value = "Con"; VariantName = "[No Variations]"
Add component (AddParameter): Name = "Ghi_Chu"; Value = ""; VariantName = "[No Variations]"
Add component (AddParameter): Name = "Kieu_Chan"; Value = ""; VariantName = "[No Variations]"
Add component (AddParameter): Name = "Ma_Hang"; Value = "MH002125"; VariantName = "[No Variations]"
Add component (AddParameter): Name = "Ten_Linh_Kien"; Value = "Led 5MM Xanh Lá (SS)"; VariantName = "[No Variations]"
Added Component: Designator=R1(Res)
Added Pin To Net: NetName=NetA1_30 Pin=A1-30
Added Pin To Net: NetName=NetA1_30 Pin=H1-3
Added Pin To Net: NetName=NetA1_30 Pin=H1-4
Added Net: Name=NetA1_30
Added Pin To Net: NetName=NetA1_32 Pin=A1-32
Added Pin To Net: NetName=NetA1_32 Pin=H2-3
Added Pin To Net: NetName=NetA1_32 Pin=H2-4
Added Net: Name=NetA1_32
Added Pin To Net: NetName=NetA1_34 Pin=A1-34
Added Pin To Net: NetName=NetA1_34 Pin=H3-3
Added Pin To Net: NetName=NetA1_34 Pin=H3-4
Added Net: Name=NetA1_34
Added Pin To Net: NetName=NetA1_36 Pin=A1-36
Added Pin To Net: NetName=NetA1_36 Pin=R1-2
Added Net: Name=NetA1_36
Added Pin To Net: NetName=NetA1_43 Pin=A1-43
Added Pin To Net: NetName=NetA1_43 Pin=LED1-2
Added Net: Name=NetA1_43
Added Pin To Net: NetName=NetA1_44 Pin=A1-44
Added Pin To Net: NetName=NetA1_44 Pin=E1-16
Added Net: Name=NetA1_44
Added Pin To Net: NetName=NetA1_61 Pin=A1-61
Added Pin To Net: NetName=NetA1_61 Pin=C1-2
Added Pin To Net: NetName=NetA1_61 Pin=C2-2
Added Pin To Net: NetName=NetA1_61 Pin=C3-2
Added Pin To Net: NetName=NetA1_61 Pin=C4-2
Added Pin To Net: NetName=NetA1_61 Pin=D1-4
Added Pin To Net: NetName=NetA1_61 Pin=E1-17
Added Pin To Net: NetName=NetA1_61 Pin=H1-8
Added Pin To Net: NetName=NetA1_61 Pin=H1-9
Added Pin To Net: NetName=NetA1_61 Pin=H2-8
Added Pin To Net: NetName=NetA1_61 Pin=H2-9
Added Pin To Net: NetName=NetA1_61 Pin=H3-8
Added Pin To Net: NetName=NetA1_61 Pin=H3-9
Added Pin To Net: NetName=NetA1_61 Pin=J1-1
Added Pin To Net: NetName=NetA1_61 Pin=L1-2
Added Net: Name=NetA1_61
Added Pin To Net: NetName=NetA1_72 Pin=A1-72
Added Pin To Net: NetName=NetA1_72 Pin=H3-2
Added Net: Name=NetA1_72
Added Pin To Net: NetName=NetA1_73 Pin=A1-73
Added Pin To Net: NetName=NetA1_73 Pin=H3-1
Added Net: Name=NetA1_73
Added Pin To Net: NetName=NetA1_74 Pin=A1-74
Added Pin To Net: NetName=NetA1_74 Pin=H2-2
Added Net: Name=NetA1_74
Added Pin To Net: NetName=NetA1_75 Pin=A1-75
Added Pin To Net: NetName=NetA1_75 Pin=H2-1
Added Net: Name=NetA1_75
Added Pin To Net: NetName=NetA1_76 Pin=A1-76
Added Pin To Net: NetName=NetA1_76 Pin=H1-2
Added Net: Name=NetA1_76
Added Pin To Net: NetName=NetA1_77 Pin=A1-77
Added Pin To Net: NetName=NetA1_77 Pin=H1-1
Added Net: Name=NetA1_77
Added Pin To Net: NetName=NetA1_86 Pin=A1-86
Added Pin To Net: NetName=NetA1_86 Pin=E1-14
Added Net: Name=NetA1_86
Added Pin To Net: NetName=NetA1_87 Pin=A1-87
Added Pin To Net: NetName=NetA1_87 Pin=E1-13
Added Net: Name=NetA1_87
Added Pin To Net: NetName=NetC1_1 Pin=C1-1
Added Pin To Net: NetName=NetC1_1 Pin=C4-1
Added Pin To Net: NetName=NetC1_1 Pin=H1-7
Added Pin To Net: NetName=NetC1_1 Pin=H2-7
Added Pin To Net: NetName=NetC1_1 Pin=H3-7
Added Pin To Net: NetName=NetC1_1 Pin=L1-3
Added Net: Name=NetC1_1
Added Pin To Net: NetName=NetC2_1 Pin=C2-1
Added Pin To Net: NetName=NetC2_1 Pin=C3-1
Added Pin To Net: NetName=NetC2_1 Pin=D1-3
Added Pin To Net: NetName=NetC2_1 Pin=H1-10
Added Pin To Net: NetName=NetC2_1 Pin=H2-10
Added Pin To Net: NetName=NetC2_1 Pin=H3-10
Added Pin To Net: NetName=NetC2_1 Pin=J1-2
Added Pin To Net: NetName=NetC2_1 Pin=L1-1
Added Net: Name=NetC2_1
Added Pin To Net: NetName=NetLED1_1 Pin=LED1-1
Added Pin To Net: NetName=NetLED1_1 Pin=R1-1
Added Net: Name=NetLED1_1
Added Class: Name=Sheet2
Added Room: Name=Sheet2
